INFO:httpx:HTTP Request: POST https://api.apify.com/v2/acts/apify~instagram-scraper/runs "HTTP/1.1 201 Created"
INFO:httpx:HTTP Request: GET https://api.apify.com/v2/actor-runs/vHBEmTQgTKaSAieIc?waitForFinish=999999 "HTTP/1.1 200 OK"
INFO:httpx:HTTP Request: GET https://api.apify.com/v2/datasets/ex5ocZOtMDo5i1phl/items?offset=0&limit=1000 "HTTP/1.1 200 OK"
INFO:root:0 rows inserted.
INFO:root:Database summary: 18 rows in total.
INFO:httpx:HTTP Request: POST https://api.apify.com/v2/acts/apify~instagram-scraper/runs "HTTP/1.1 201 Created"
INFO:httpx:HTTP Request: GET https://api.apify.com/v2/actor-runs/LZdQkWhRCJ0BhVMTE?waitForFinish=999999 "HTTP/1.1 200 OK"
INFO:httpx:HTTP Request: GET https://api.apify.com/v2/datasets/kXL5PMRYxBjQPgwx8/items?offset=0&limit=1000 "HTTP/1.1 200 OK"
INFO:root:0 rows inserted.
INFO:root:Database summary: 18 rows in total.
INFO:httpx:HTTP Request: POST https://api.apify.com/v2/acts/apify~instagram-scraper/runs "HTTP/1.1 201 Created"
INFO:httpx:HTTP Request: GET https://api.apify.com/v2/actor-runs/5G14LbQIzzrBpWqOH?waitForFinish=999999 "HTTP/1.1 200 OK"
INFO:httpx:HTTP Request: GET https://api.apify.com/v2/datasets/GuOlLbdu4wZVyMtbF/items?offset=0&limit=1000 "HTTP/1.1 200 OK"
INFO:httpx:HTTP Request: POST https://api.apify.com/v2/acts/apify~instagram-scraper/runs "HTTP/1.1 201 Created"
INFO:httpx:HTTP Request: GET https://api.apify.com/v2/actor-runs/fZyX20gaYq5yPaiio?waitForFinish=999999 "HTTP/1.1 200 OK"
INFO:httpx:HTTP Request: GET https://api.apify.com/v2/datasets/i5EnZ7A5axPVbDimG/items?offset=0&limit=1000 "HTTP/1.1 200 OK"
INFO:httpx:HTTP Request: POST https://api.apify.com/v2/acts/apify~instagram-scraper/runs "HTTP/1.1 201 Created"
INFO:httpx:HTTP Request: GET https://api.apify.com/v2/actor-runs/lwSo1nohIkR5Yoi9O?waitForFinish=999999 "HTTP/1.1 200 OK"
INFO:httpx:HTTP Request: GET https://api.apify.com/v2/datasets/wmrnUabHaC3wRuO74/items?offset=0&limit=1000 "HTTP/1.1 200 OK"
INFO:root:1 rows inserted.
INFO:root:Database summary: 19 rows in total.
INFO:httpx:HTTP Request: POST https://api.apify.com/v2/acts/apify~instagram-scraper/runs "HTTP/1.1 201 Created"
INFO:httpx:HTTP Request: GET https://api.apify.com/v2/actor-runs/4iY2Lx1Pj01f0vkDF?waitForFinish=999999 "HTTP/1.1 200 OK"
INFO:httpx:HTTP Request: GET https://api.apify.com/v2/datasets/LiSnyvuhXLKXzjpk3/items?offset=0&limit=1000 "HTTP/1.1 200 OK"
INFO:root:1 rows inserted.
INFO:root:Database summary: 20 rows in total.
INFO:httpx:HTTP Request: POST https://api.apify.com/v2/acts/apify~instagram-scraper/runs "HTTP/1.1 201 Created"
INFO:httpx:HTTP Request: GET https://api.apify.com/v2/actor-runs/ho0g4u4ik9V9Rp30A?waitForFinish=999999 "HTTP/1.1 200 OK"
INFO:httpx:HTTP Request: GET https://api.apify.com/v2/datasets/JKgk8DliytbLr0GUf/items?offset=0&limit=1000 "HTTP/1.1 200 OK"
INFO:root:1 rows inserted.
INFO:root:Database summary: 21 rows in total.
INFO:httpx:HTTP Request: POST https://api.apify.com/v2/acts/apify~instagram-scraper/runs "HTTP/1.1 201 Created"
INFO:httpx:HTTP Request: GET https://api.apify.com/v2/actor-runs/yik7ouFMGMhPbroK6?waitForFinish=999999 "HTTP/1.1 200 OK"
INFO:httpx:HTTP Request: GET https://api.apify.com/v2/datasets/ulabiqcVOtx8dDY9e/items?offset=0&limit=1000 "HTTP/1.1 200 OK"
INFO:httpx:HTTP Request: POST https://api.apify.com/v2/acts/apify~instagram-scraper/runs "HTTP/1.1 201 Created"
INFO:httpx:HTTP Request: GET https://api.apify.com/v2/actor-runs/XPcTZxXqIzFNgivZ2?waitForFinish=999999 "HTTP/1.1 200 OK"
INFO:httpx:HTTP Request: GET https://api.apify.com/v2/datasets/3AUsOaBxt92EueDkB/items?offset=0&limit=1000 "HTTP/1.1 200 OK"
INFO:httpx:HTTP Request: POST https://api.apify.com/v2/acts/apify~instagram-scraper/runs "HTTP/1.1 201 Created"
INFO:httpx:HTTP Request: GET https://api.apify.com/v2/actor-runs/2fBgLuUPGdcEaheCr?waitForFinish=999999 "HTTP/1.1 200 OK"
INFO:httpx:HTTP Request: GET https://api.apify.com/v2/datasets/qQ64p4oJEy9XO5lLY/items?offset=0&limit=1000 "HTTP/1.1 200 OK"
INFO:httpx:HTTP Request: POST https://api.apify.com/v2/acts/apify~instagram-scraper/runs "HTTP/1.1 201 Created"
INFO:httpx:HTTP Request: GET https://api.apify.com/v2/actor-runs/28YTP5hhTcmNuj4YZ?waitForFinish=999999 "HTTP/1.1 200 OK"
INFO:httpx:HTTP Request: GET https://api.apify.com/v2/datasets/iXFf2bbLobkDjIgoo/items?offset=0&limit=1000 "HTTP/1.1 200 OK"
INFO:httpx:HTTP Request: POST https://api.apify.com/v2/acts/apify~instagram-scraper/runs "HTTP/1.1 201 Created"
INFO:httpx:HTTP Request: GET https://api.apify.com/v2/actor-runs/aOlZ7u9cr83eGp5qS?waitForFinish=999999 "HTTP/1.1 200 OK"
INFO:httpx:HTTP Request: GET https://api.apify.com/v2/datasets/PrC0KK4hD3jTQPRw7/items?offset=0&limit=1000 "HTTP/1.1 200 OK"
INFO:root:No data to insert.
INFO:root:Database summary: 21 rows in total.
INFO:httpx:HTTP Request: POST https://api.apify.com/v2/acts/apify~instagram-scraper/runs "HTTP/1.1 201 Created"
INFO:httpx:HTTP Request: GET https://api.apify.com/v2/actor-runs/PXUMzLOpVwGkxWgsH?waitForFinish=999999 "HTTP/1.1 200 OK"
INFO:httpx:HTTP Request: GET https://api.apify.com/v2/datasets/gw6hfptBODvoTBhvh/items?offset=0&limit=1000 "HTTP/1.1 200 OK"
INFO:root:No new data fetched. Ending run.
INFO:httpx:HTTP Request: POST https://api.apify.com/v2/acts/apify~instagram-scraper/runs "HTTP/1.1 201 Created"
INFO:httpx:HTTP Request: GET https://api.apify.com/v2/actor-runs/cz8fCVaZ1h9xNlvTt?waitForFinish=999999 "HTTP/1.1 200 OK"
INFO:httpx:HTTP Request: GET https://api.apify.com/v2/datasets/KOdr0j7RJy4bPet2B/items?offset=0&limit=1000 "HTTP/1.1 200 OK"
INFO:root:No new data fetched. Ending run.
INFO:httpx:HTTP Request: POST https://api.apify.com/v2/acts/apify~instagram-scraper/runs "HTTP/1.1 201 Created"
INFO:httpx:HTTP Request: GET https://api.apify.com/v2/actor-runs/dxbH23IUzZwLVpsP5?waitForFinish=999999 "HTTP/1.1 200 OK"
INFO:httpx:HTTP Request: GET https://api.apify.com/v2/datasets/nPF76Zwoo4qGp6ZDc/items?offset=0&limit=1000 "HTTP/1.1 200 OK"
INFO:root:No new data fetched. Ending run.
INFO:httpx:HTTP Request: POST https://api.apify.com/v2/acts/apify~instagram-scraper/runs "HTTP/1.1 201 Created"
INFO:httpx:HTTP Request: GET https://api.apify.com/v2/actor-runs/BvHF8TjgXI9h3t4DR?waitForFinish=999999 "HTTP/1.1 200 OK"
INFO:httpx:HTTP Request: GET https://api.apify.com/v2/datasets/QYFoSZ5DTuDqrmw6N/items?offset=0&limit=1000 "HTTP/1.1 200 OK"
INFO:root:No new data fetched. Ending run.
INFO:httpx:HTTP Request: POST https://api.apify.com/v2/acts/apify~instagram-scraper/runs "HTTP/1.1 201 Created"
INFO:httpx:HTTP Request: GET https://api.apify.com/v2/actor-runs/QukCNMSh6SbAV7AMp?waitForFinish=999999 "HTTP/1.1 200 OK"
INFO:httpx:HTTP Request: GET https://api.apify.com/v2/datasets/3yLhh76vddigoyWFr/items?offset=0&limit=1000 "HTTP/1.1 200 OK"
INFO:root:No new data fetched. Ending run.
INFO:httpx:HTTP Request: POST https://api.apify.com/v2/acts/apify~instagram-scraper/runs "HTTP/1.1 201 Created"
INFO:httpx:HTTP Request: GET https://api.apify.com/v2/actor-runs/b6Nj2oGflmlWSH7vd?waitForFinish=999999 "HTTP/1.1 200 OK"
INFO:httpx:HTTP Request: GET https://api.apify.com/v2/datasets/uYr2CExtvi69ui50X/items?offset=0&limit=1000 "HTTP/1.1 200 OK"
INFO:root:No new data fetched. Ending run.
INFO:httpx:HTTP Request: POST https://api.apify.com/v2/acts/apify~instagram-scraper/runs "HTTP/1.1 201 Created"
INFO:httpx:HTTP Request: GET https://api.apify.com/v2/actor-runs/mBMtfDfCKhEJLnBqE?waitForFinish=999999 "HTTP/1.1 200 OK"
INFO:httpx:HTTP Request: GET https://api.apify.com/v2/datasets/W5SIYPh3i39sfsiYP/items?offset=0&limit=1000 "HTTP/1.1 200 OK"
INFO:root:No new data fetched. Ending run.
INFO:httpx:HTTP Request: POST https://api.apify.com/v2/acts/apify~instagram-scraper/runs "HTTP/1.1 201 Created"
INFO:httpx:HTTP Request: GET https://api.apify.com/v2/actor-runs/wMpPth5ytoy5efzVh?waitForFinish=999999 "HTTP/1.1 200 OK"
INFO:httpx:HTTP Request: GET https://api.apify.com/v2/datasets/iZkV6lO7K9be0Wu54/items?offset=0&limit=1000 "HTTP/1.1 200 OK"
INFO:root:No new data fetched. Ending run.
INFO:httpx:HTTP Request: POST https://api.apify.com/v2/acts/apify~instagram-scraper/runs "HTTP/1.1 201 Created"
INFO:httpx:HTTP Request: GET https://api.apify.com/v2/actor-runs/KiygW8wT9435dAL1E?waitForFinish=999999 "HTTP/1.1 200 OK"
INFO:httpx:HTTP Request: GET https://api.apify.com/v2/actor-runs/KiygW8wT9435dAL1E?waitForFinish=999999 "HTTP/1.1 200 OK"
INFO:httpx:HTTP Request: GET https://api.apify.com/v2/actor-runs/KiygW8wT9435dAL1E?waitForFinish=999999 "HTTP/1.1 200 OK"
INFO:httpx:HTTP Request: GET https://api.apify.com/v2/datasets/nTTuLrvGKUkRUzWwg/items?offset=0&limit=1000 "HTTP/1.1 200 OK"
INFO:root:No new data fetched. Ending run.
INFO:httpx:HTTP Request: POST https://api.apify.com/v2/acts/apify~instagram-scraper/runs "HTTP/1.1 201 Created"
INFO:httpx:HTTP Request: GET https://api.apify.com/v2/actor-runs/iLGbjd5I9wNRNnX4t?waitForFinish=999999 "HTTP/1.1 200 OK"
INFO:httpx:HTTP Request: GET https://api.apify.com/v2/datasets/0Qun3iXFcoIUsRltg/items?offset=0&limit=1000 "HTTP/1.1 200 OK"
INFO:root:No data to insert.
INFO:root:Database summary: 21 rows in total.
INFO:httpx:HTTP Request: POST https://api.apify.com/v2/acts/apify~instagram-hashtag-scraper/runs "HTTP/1.1 201 Created"
INFO:httpx:HTTP Request: GET https://api.apify.com/v2/actor-runs/kOa8KsUrZuP4Zh8V4?waitForFinish=999999 "HTTP/1.1 200 OK"
INFO:httpx:HTTP Request: GET https://api.apify.com/v2/actor-runs/kOa8KsUrZuP4Zh8V4?waitForFinish=999999 "HTTP/1.1 200 OK"
INFO:httpx:HTTP Request: GET https://api.apify.com/v2/actor-runs/kOa8KsUrZuP4Zh8V4?waitForFinish=999999 "HTTP/1.1 200 OK"
INFO:httpx:HTTP Request: GET https://api.apify.com/v2/datasets/PqfvGitUROcSzWRAP/items?offset=0&limit=1000 "HTTP/1.1 200 OK"
INFO:root:1 rows inserted.
INFO:root:Database summary: 22 rows in total.
INFO:httpx:HTTP Request: POST https://api.apify.com/v2/acts/apify~instagram-hashtag-scraper/runs "HTTP/1.1 201 Created"
INFO:httpx:HTTP Request: GET https://api.apify.com/v2/actor-runs/lhuZzdBnk0OJaKOYQ?waitForFinish=999999 "HTTP/1.1 200 OK"
INFO:httpx:HTTP Request: GET https://api.apify.com/v2/actor-runs/lhuZzdBnk0OJaKOYQ?waitForFinish=999999 "HTTP/1.1 200 OK"
INFO:httpx:HTTP Request: GET https://api.apify.com/v2/actor-runs/lhuZzdBnk0OJaKOYQ?waitForFinish=999999 "HTTP/1.1 200 OK"
INFO:httpx:HTTP Request: GET https://api.apify.com/v2/datasets/X4LGdB1fzQDPA9t4b/items?offset=0&limit=1000 "HTTP/1.1 200 OK"
INFO:root:81 rows inserted.
INFO:root:Database summary: 103 rows in total.
INFO:httpx:HTTP Request: POST https://api.apify.com/v2/acts/apify~instagram-hashtag-scraper/runs "HTTP/1.1 201 Created"
INFO:httpx:HTTP Request: GET https://api.apify.com/v2/actor-runs/YJ4RRbf55oT753gaU?waitForFinish=999999 "HTTP/1.1 200 OK"
INFO:httpx:HTTP Request: GET https://api.apify.com/v2/actor-runs/YJ4RRbf55oT753gaU?waitForFinish=999999 "HTTP/1.1 200 OK"
INFO:httpx:HTTP Request: GET https://api.apify.com/v2/datasets/3raSQL0eQ70EbzWq9/items?offset=0&limit=1000 "HTTP/1.1 200 OK"
INFO:root:No data to insert.
INFO:root:Database summary: 103 rows in total.
INFO:httpx:HTTP Request: POST https://api.apify.com/v2/acts/apify~instagram-hashtag-scraper/runs "HTTP/1.1 201 Created"
INFO:httpx:HTTP Request: GET https://api.apify.com/v2/actor-runs/WsTNZxGxh10i785Zi?waitForFinish=999999 "HTTP/1.1 200 OK"
INFO:httpx:HTTP Request: GET https://api.apify.com/v2/actor-runs/WsTNZxGxh10i785Zi?waitForFinish=999999 "HTTP/1.1 200 OK"
INFO:httpx:HTTP Request: GET https://api.apify.com/v2/actor-runs/WsTNZxGxh10i785Zi?waitForFinish=999999 "HTTP/1.1 200 OK"
INFO:httpx:HTTP Request: GET https://api.apify.com/v2/actor-runs/WsTNZxGxh10i785Zi?waitForFinish=999999 "HTTP/1.1 200 OK"
INFO:httpx:HTTP Request: GET https://api.apify.com/v2/actor-runs/WsTNZxGxh10i785Zi?waitForFinish=999999 "HTTP/1.1 200 OK"
INFO:httpx:HTTP Request: GET https://api.apify.com/v2/datasets/ZdYwGKRgnpf1QWKma/items?offset=0&limit=1000 "HTTP/1.1 200 OK"
INFO:httpx:HTTP Request: GET https://api.apify.com/v2/datasets/ZdYwGKRgnpf1QWKma/items?offset=1000&limit=1000 "HTTP/1.1 200 OK"
INFO:root:258 rows inserted.
INFO:root:Database summary: 361 rows in total.
INFO:httpx:HTTP Request: POST https://api.apify.com/v2/acts/apify~instagram-hashtag-scraper/runs "HTTP/1.1 201 Created"
INFO:httpx:HTTP Request: GET https://api.apify.com/v2/actor-runs/Fp8Q5K7uRNpmCBfAx?waitForFinish=999999 "HTTP/1.1 200 OK"
INFO:httpx:HTTP Request: GET https://api.apify.com/v2/actor-runs/Fp8Q5K7uRNpmCBfAx?waitForFinish=999999 "HTTP/1.1 200 OK"
INFO:httpx:HTTP Request: GET https://api.apify.com/v2/actor-runs/Fp8Q5K7uRNpmCBfAx?waitForFinish=999999 "HTTP/1.1 200 OK"
INFO:httpx:HTTP Request: GET https://api.apify.com/v2/actor-runs/Fp8Q5K7uRNpmCBfAx?waitForFinish=999999 "HTTP/1.1 200 OK"
INFO:httpx:HTTP Request: GET https://api.apify.com/v2/actor-runs/Fp8Q5K7uRNpmCBfAx?waitForFinish=999999 "HTTP/1.1 200 OK"
INFO:httpx:HTTP Request: GET https://api.apify.com/v2/datasets/VXaTrwSbZdqlnVvAR/items?offset=0&limit=1000 "HTTP/1.1 200 OK"
INFO:httpx:HTTP Request: GET https://api.apify.com/v2/datasets/VXaTrwSbZdqlnVvAR/items?offset=1000&limit=1000 "HTTP/1.1 200 OK"
INFO:root:No data to insert.
INFO:root:Database summary: 361 rows in total.
