WARNING:root:posted_ids file not found
ERROR:root:Database error: no such column: LikeCount
WARNING:root:Image not found
ERROR:root:Google Drive error: [Errno 2] No such file or directory: 'D:/coding/instagram/scripts/insta-401020-d2b56e3d4162.json'
ERROR:root:Request error: Expecting value: line 1 column 1 (char 0)
INFO:root:{'error': {'message': 'Error validating access token: Session has expired on Monday, 16-Oct-23 17:00:00 PDT. The current time is Tuesday, 17-Oct-23 12:40:14 PDT.', 'type': 'OAuthException', 'code': 190, 'error_subcode': 463, 'fbtrace_id': 'AKZtUmA6BVQDdENjDTHr2Kq'}}
ERROR:root:Database error: no such column: LikeCount
WARNING:root:Image not found
ERROR:root:Google Drive error: [Errno 2] No such file or directory: 'D:/coding/instagram/scripts/insta-401020-d2b56e3d4162.json'
ERROR:root:Request error: Expecting value: line 1 column 1 (char 0)
INFO:root:{'error': {'message': '(#100) Param creation_id must be a number', 'type': 'OAuthException', 'code': 100, 'fbtrace_id': 'AkVlKD0ITqip7VrQVN4gGun'}}
ERROR:root:Database error: no such column: LikeCount
WARNING:root:Image not found
ERROR:root:Google Drive error: [Errno 2] No such file or directory: 'D:/coding/instagram/scripts/insta-401020-d2b56e3d4162.json'
ERROR:root:Request error: Expecting value: line 1 column 1 (char 0)
INFO:root:{'error': {'message': '(#100) The parameter image_url is required', 'type': 'OAuthException', 'code': 100, 'fbtrace_id': 'AZmTuVmuFJ2_uvyPJGw-GMY'}}
ERROR:root:ID not found in response: {'error': {'message': '(#100) The parameter image_url is required', 'type': 'OAuthException', 'code': 100, 'fbtrace_id': 'AZmTuVmuFJ2_uvyPJGw-GMY'}}
ERROR:root:Database error: no such column: LikeCount
WARNING:root:Image not found
ERROR:root:Google Drive error: [Errno 2] No such file or directory: 'D:/coding/instagram/scripts/insta-401020-d2b56e3d4162.json'
ERROR:root:Request error: Expecting value: line 1 column 1 (char 0)
INFO:root:{'error': {'message': '(#100) The parameter image_url is required', 'type': 'OAuthException', 'code': 100, 'fbtrace_id': 'AsHzRH9jmhHDdbSP-b3NC4z'}}
ERROR:root:ID not found in response: {'error': {'message': '(#100) The parameter image_url is required', 'type': 'OAuthException', 'code': 100, 'fbtrace_id': 'AsHzRH9jmhHDdbSP-b3NC4z'}}
INFO:root:Top post fetched
WARNING:root:Image not found
INFO:googleapiclient.discovery_cache:file_cache is only supported with oauth2client<4.0.0
ERROR:root:Google Drive error: expected str, bytes or os.PathLike object, not NoneType
ERROR:root:Request error: Expecting value: line 1 column 1 (char 0)
INFO:root:{'error': {'message': '(#100) The parameter image_url is required', 'type': 'OAuthException', 'code': 100, 'fbtrace_id': 'AHGIN3cUhO30sK5ta8Uhfx9'}}
ERROR:root:ID not found in response: {'error': {'message': '(#100) The parameter image_url is required', 'type': 'OAuthException', 'code': 100, 'fbtrace_id': 'AHGIN3cUhO30sK5ta8Uhfx9'}}
INFO:root:Top post fetched
WARNING:root:Image not found
INFO:googleapiclient.discovery_cache:file_cache is only supported with oauth2client<4.0.0
ERROR:root:Google Drive error: expected str, bytes or os.PathLike object, not NoneType
ERROR:root:Request error: Expecting value: line 1 column 1 (char 0)
INFO:root:{'error': {'message': '(#100) The parameter image_url is required', 'type': 'OAuthException', 'code': 100, 'fbtrace_id': 'AZaL2AogZSrDlyBZ8QZhNXw'}}
ERROR:root:ID not found in response: {'error': {'message': '(#100) The parameter image_url is required', 'type': 'OAuthException', 'code': 100, 'fbtrace_id': 'AZaL2AogZSrDlyBZ8QZhNXw'}}
