INFO:httpx:HTTP Request: POST https://api.apify.com/v2/acts/apify~instagram-hashtag-scraper/runs "HTTP/1.1 201 Created"
INFO:httpx:HTTP Request: GET https://api.apify.com/v2/actor-runs/waf2GNX6Cy6cokweK?waitForFinish=999999 "HTTP/1.1 200 OK"
INFO:httpx:HTTP Request: GET https://api.apify.com/v2/actor-runs/waf2GNX6Cy6cokweK?waitForFinish=999999 "HTTP/1.1 200 OK"
INFO:httpx:HTTP Request: GET https://api.apify.com/v2/actor-runs/waf2GNX6Cy6cokweK?waitForFinish=999999 "HTTP/1.1 200 OK"
INFO:httpx:HTTP Request: GET https://api.apify.com/v2/actor-runs/waf2GNX6Cy6cokweK?waitForFinish=999999 "HTTP/1.1 200 OK"
INFO:httpx:HTTP Request: GET https://api.apify.com/v2/actor-runs/waf2GNX6Cy6cokweK?waitForFinish=999999 "HTTP/1.1 200 OK"
INFO:httpx:HTTP Request: GET https://api.apify.com/v2/actor-runs/waf2GNX6Cy6cokweK?waitForFinish=999999 "HTTP/1.1 200 OK"
INFO:httpx:HTTP Request: GET https://api.apify.com/v2/datasets/YhzclrmY4laaf9uJe/items?offset=0&limit=1000 "HTTP/1.1 200 OK"
INFO:httpx:HTTP Request: GET https://api.apify.com/v2/datasets/YhzclrmY4laaf9uJe/items?offset=1000&limit=1000 "HTTP/1.1 200 OK"
INFO:root:1 rows inserted.
INFO:root:Database summary: 362 rows in total.
INFO:httpx:HTTP Request: POST https://api.apify.com/v2/acts/apify~instagram-hashtag-scraper/runs "HTTP/1.1 201 Created"
INFO:httpx:HTTP Request: GET https://api.apify.com/v2/actor-runs/sQaS5Nlu0wgc7bvqV?waitForFinish=999999 "HTTP/1.1 200 OK"
INFO:httpx:HTTP Request: GET https://api.apify.com/v2/actor-runs/sQaS5Nlu0wgc7bvqV?waitForFinish=999999 "HTTP/1.1 200 OK"
INFO:httpx:HTTP Request: GET https://api.apify.com/v2/actor-runs/sQaS5Nlu0wgc7bvqV?waitForFinish=999999 "HTTP/1.1 200 OK"
INFO:httpx:HTTP Request: GET https://api.apify.com/v2/actor-runs/sQaS5Nlu0wgc7bvqV?waitForFinish=999999 "HTTP/1.1 200 OK"
INFO:httpx:HTTP Request: GET https://api.apify.com/v2/actor-runs/sQaS5Nlu0wgc7bvqV?waitForFinish=999999 "HTTP/1.1 200 OK"
INFO:httpx:HTTP Request: GET https://api.apify.com/v2/datasets/OGoIzxFJRnjoHL97F/items?offset=0&limit=1000 "HTTP/1.1 200 OK"
INFO:httpx:HTTP Request: GET https://api.apify.com/v2/datasets/OGoIzxFJRnjoHL97F/items?offset=1000&limit=1000 "HTTP/1.1 200 OK"
INFO:httpx:HTTP Request: POST https://api.apify.com/v2/acts/apify~instagram-hashtag-scraper/runs "HTTP/1.1 201 Created"
INFO:httpx:HTTP Request: GET https://api.apify.com/v2/actor-runs/r94sIJDjFzhRCKdzq?waitForFinish=999999 "HTTP/1.1 200 OK"
INFO:httpx:HTTP Request: GET https://api.apify.com/v2/actor-runs/r94sIJDjFzhRCKdzq?waitForFinish=999999 "HTTP/1.1 200 OK"
INFO:httpx:HTTP Request: GET https://api.apify.com/v2/actor-runs/r94sIJDjFzhRCKdzq?waitForFinish=999999 "HTTP/1.1 200 OK"
INFO:httpx:HTTP Request: GET https://api.apify.com/v2/actor-runs/r94sIJDjFzhRCKdzq?waitForFinish=999999 "HTTP/1.1 200 OK"
INFO:httpx:HTTP Request: GET https://api.apify.com/v2/actor-runs/r94sIJDjFzhRCKdzq?waitForFinish=999999 "HTTP/1.1 200 OK"
INFO:httpx:HTTP Request: GET https://api.apify.com/v2/actor-runs/r94sIJDjFzhRCKdzq?waitForFinish=999999 "HTTP/1.1 200 OK"
INFO:httpx:HTTP Request: GET https://api.apify.com/v2/datasets/rcikIqIAUS8fcjCbN/items?offset=0&limit=1000 "HTTP/1.1 200 OK"
INFO:httpx:HTTP Request: GET https://api.apify.com/v2/datasets/rcikIqIAUS8fcjCbN/items?offset=1000&limit=1000 "HTTP/1.1 200 OK"
INFO:httpx:HTTP Request: POST https://api.apify.com/v2/acts/apify~instagram-hashtag-scraper/runs "HTTP/1.1 201 Created"
INFO:httpx:HTTP Request: GET https://api.apify.com/v2/actor-runs/efFklp6wY2FJ2bXbH?waitForFinish=999999 "HTTP/1.1 200 OK"
INFO:httpx:HTTP Request: GET https://api.apify.com/v2/actor-runs/efFklp6wY2FJ2bXbH?waitForFinish=999999 "HTTP/1.1 200 OK"
INFO:httpx:HTTP Request: GET https://api.apify.com/v2/actor-runs/efFklp6wY2FJ2bXbH?waitForFinish=999999 "HTTP/1.1 200 OK"
INFO:httpx:HTTP Request: GET https://api.apify.com/v2/actor-runs/efFklp6wY2FJ2bXbH?waitForFinish=999999 "HTTP/1.1 200 OK"
INFO:httpx:HTTP Request: GET https://api.apify.com/v2/actor-runs/efFklp6wY2FJ2bXbH?waitForFinish=999999 "HTTP/1.1 200 OK"
INFO:httpx:HTTP Request: GET https://api.apify.com/v2/actor-runs/efFklp6wY2FJ2bXbH?waitForFinish=999999 "HTTP/1.1 200 OK"
INFO:httpx:HTTP Request: GET https://api.apify.com/v2/datasets/mHcFwg6cweFgox4P8/items?offset=0&limit=1000 "HTTP/1.1 200 OK"
INFO:httpx:HTTP Request: GET https://api.apify.com/v2/datasets/mHcFwg6cweFgox4P8/items?offset=1000&limit=1000 "HTTP/1.1 200 OK"
INFO:httpx:HTTP Request: POST https://api.apify.com/v2/acts/apify~instagram-hashtag-scraper/runs "HTTP/1.1 201 Created"
INFO:httpx:HTTP Request: GET https://api.apify.com/v2/actor-runs/NpavBoYWXGlynmbf1?waitForFinish=999999 "HTTP/1.1 200 OK"
INFO:httpx:HTTP Request: GET https://api.apify.com/v2/actor-runs/NpavBoYWXGlynmbf1?waitForFinish=999999 "HTTP/1.1 200 OK"
INFO:httpx:HTTP Request: GET https://api.apify.com/v2/actor-runs/NpavBoYWXGlynmbf1?waitForFinish=999999 "HTTP/1.1 200 OK"
INFO:httpx:HTTP Request: GET https://api.apify.com/v2/actor-runs/NpavBoYWXGlynmbf1?waitForFinish=999999 "HTTP/1.1 200 OK"
INFO:httpx:HTTP Request: GET https://api.apify.com/v2/actor-runs/NpavBoYWXGlynmbf1?waitForFinish=999999 "HTTP/1.1 200 OK"
INFO:httpx:HTTP Request: GET https://api.apify.com/v2/datasets/OKQ77cpSfRwpP0gIT/items?offset=0&limit=1000 "HTTP/1.1 200 OK"
INFO:httpx:HTTP Request: POST https://api.apify.com/v2/acts/apify~instagram-hashtag-scraper/runs "HTTP/1.1 403 Forbidden"
INFO:httpx:HTTP Request: POST https://api.apify.com/v2/acts/apify~instagram-hashtag-scraper/runs "HTTP/1.1 403 Forbidden"
INFO:root:No data to insert.
INFO:root:Database summary: 362 rows in total.
INFO:root:0 rows inserted.
INFO:root:Database summary: 362 rows in total.
INFO:root:0 rows inserted.
INFO:root:Database summary: 362 rows in total.
INFO:root:0 rows inserted.
INFO:root:Database summary: 362 rows in total.
INFO:root:0 rows inserted.
INFO:root:Database summary: 362 rows in total.
INFO:root:0 rows inserted.
INFO:root:Database summary: 362 rows in total.
INFO:root:76 rows inserted.
INFO:root:Database summary: 438 rows in total.
INFO:httpx:HTTP Request: POST https://api.apify.com/v2/acts/apify~instagram-hashtag-scraper/runs "HTTP/1.1 201 Created"
INFO:httpx:HTTP Request: GET https://api.apify.com/v2/actor-runs/J3N9PkaxLcrPAohx7?waitForFinish=999999 "HTTP/1.1 200 OK"
INFO:httpx:HTTP Request: GET https://api.apify.com/v2/actor-runs/J3N9PkaxLcrPAohx7?waitForFinish=999999 "HTTP/1.1 200 OK"
INFO:httpx:HTTP Request: GET https://api.apify.com/v2/actor-runs/J3N9PkaxLcrPAohx7?waitForFinish=999999 "HTTP/1.1 200 OK"
INFO:httpx:HTTP Request: POST https://api.apify.com/v2/acts/apify~instagram-hashtag-scraper/runs "HTTP/1.1 201 Created"
INFO:httpx:HTTP Request: GET https://api.apify.com/v2/actor-runs/ycCqmuvc94DWn3o64?waitForFinish=999999 "HTTP/1.1 200 OK"
INFO:httpx:HTTP Request: GET https://api.apify.com/v2/actor-runs/ycCqmuvc94DWn3o64?waitForFinish=999999 "HTTP/1.1 200 OK"
INFO:httpx:HTTP Request: GET https://api.apify.com/v2/actor-runs/ycCqmuvc94DWn3o64?waitForFinish=999999 "HTTP/1.1 200 OK"
INFO:httpx:HTTP Request: GET https://api.apify.com/v2/datasets/TARI1U6UywUiqUSzg/items?offset=0&limit=1000 "HTTP/1.1 200 OK"
INFO:httpx:HTTP Request: POST https://api.apify.com/v2/acts/apify~instagram-hashtag-scraper/runs "HTTP/1.1 201 Created"
INFO:httpx:HTTP Request: GET https://api.apify.com/v2/actor-runs/BpwW7KsjyCjd4OKpJ?waitForFinish=999999 "HTTP/1.1 200 OK"
INFO:httpx:HTTP Request: GET https://api.apify.com/v2/actor-runs/BpwW7KsjyCjd4OKpJ?waitForFinish=999999 "HTTP/1.1 200 OK"
INFO:httpx:HTTP Request: GET https://api.apify.com/v2/actor-runs/BpwW7KsjyCjd4OKpJ?waitForFinish=999999 "HTTP/1.1 200 OK"
INFO:httpx:HTTP Request: GET https://api.apify.com/v2/datasets/sHOu5kHL7urPFUiGX/items?offset=0&limit=1000 "HTTP/1.1 200 OK"
INFO:httpx:HTTP Request: POST https://api.apify.com/v2/acts/apify~instagram-hashtag-scraper/runs "HTTP/1.1 201 Created"
INFO:httpx:HTTP Request: GET https://api.apify.com/v2/actor-runs/CXRmW46XYCskzXnyO?waitForFinish=999999 "HTTP/1.1 200 OK"
INFO:httpx:HTTP Request: GET https://api.apify.com/v2/actor-runs/CXRmW46XYCskzXnyO?waitForFinish=999999 "HTTP/1.1 200 OK"
INFO:httpx:HTTP Request: GET https://api.apify.com/v2/actor-runs/CXRmW46XYCskzXnyO?waitForFinish=999999 "HTTP/1.1 200 OK"
INFO:httpx:HTTP Request: GET https://api.apify.com/v2/actor-runs/CXRmW46XYCskzXnyO?waitForFinish=999999 "HTTP/1.1 200 OK"
INFO:httpx:HTTP Request: GET https://api.apify.com/v2/datasets/8Mq29yun6ClbArdYW/items?offset=0&limit=1000 "HTTP/1.1 200 OK"
INFO:httpx:HTTP Request: POST https://api.apify.com/v2/acts/apify~instagram-hashtag-scraper/runs "HTTP/1.1 201 Created"
INFO:httpx:HTTP Request: GET https://api.apify.com/v2/actor-runs/mUDbCSWXVnLPzpUQc?waitForFinish=999999 "HTTP/1.1 200 OK"
INFO:httpx:HTTP Request: GET https://api.apify.com/v2/actor-runs/mUDbCSWXVnLPzpUQc?waitForFinish=999999 "HTTP/1.1 200 OK"
INFO:httpx:HTTP Request: GET https://api.apify.com/v2/actor-runs/mUDbCSWXVnLPzpUQc?waitForFinish=999999 "HTTP/1.1 200 OK"
INFO:httpx:HTTP Request: GET https://api.apify.com/v2/datasets/DOLXmeDCcdJQGggFF/items?offset=0&limit=1000 "HTTP/1.1 200 OK"
INFO:httpx:HTTP Request: POST https://api.apify.com/v2/acts/apify~instagram-hashtag-scraper/runs "HTTP/1.1 201 Created"
INFO:httpx:HTTP Request: GET https://api.apify.com/v2/actor-runs/JG4MfDYyQRZaaebDk?waitForFinish=999999 "HTTP/1.1 200 OK"
INFO:httpx:HTTP Request: GET https://api.apify.com/v2/actor-runs/JG4MfDYyQRZaaebDk?waitForFinish=999999 "HTTP/1.1 200 OK"
INFO:httpx:HTTP Request: GET https://api.apify.com/v2/actor-runs/JG4MfDYyQRZaaebDk?waitForFinish=999999 "HTTP/1.1 200 OK"
INFO:httpx:HTTP Request: GET https://api.apify.com/v2/datasets/FeqgzJ6cPVKnKh9NS/items?offset=0&limit=1000 "HTTP/1.1 200 OK"
INFO:httpx:HTTP Request: POST https://api.apify.com/v2/acts/apify~instagram-hashtag-scraper/runs "HTTP/1.1 201 Created"
INFO:httpx:HTTP Request: GET https://api.apify.com/v2/actor-runs/OVeXHoJug8HY2W0wz?waitForFinish=999999 "HTTP/1.1 200 OK"
INFO:httpx:HTTP Request: GET https://api.apify.com/v2/actor-runs/OVeXHoJug8HY2W0wz?waitForFinish=999999 "HTTP/1.1 200 OK"
INFO:httpx:HTTP Request: POST https://api.apify.com/v2/acts/apify~instagram-hashtag-scraper/runs "HTTP/1.1 201 Created"
INFO:httpx:HTTP Request: GET https://api.apify.com/v2/actor-runs/1UA0nFIMaBT3uxwXO?waitForFinish=999999 "HTTP/1.1 200 OK"
INFO:httpx:HTTP Request: GET https://api.apify.com/v2/actor-runs/1UA0nFIMaBT3uxwXO?waitForFinish=999999 "HTTP/1.1 200 OK"
INFO:httpx:HTTP Request: GET https://api.apify.com/v2/datasets/e4evLnjhxhqbs8wkE/items?offset=0&limit=1000 "HTTP/1.1 200 OK"
INFO:httpx:HTTP Request: POST https://api.apify.com/v2/acts/apify~instagram-hashtag-scraper/runs "HTTP/1.1 201 Created"
INFO:httpx:HTTP Request: GET https://api.apify.com/v2/actor-runs/q1gSvBtcxVtBbDIeJ?waitForFinish=999999 "HTTP/1.1 200 OK"
INFO:httpx:HTTP Request: POST https://api.apify.com/v2/acts/apify~instagram-hashtag-scraper/runs "HTTP/1.1 201 Created"
INFO:httpx:HTTP Request: GET https://api.apify.com/v2/actor-runs/rcifbcchcvdp6HmIZ?waitForFinish=999999 "HTTP/1.1 200 OK"
INFO:httpx:HTTP Request: GET https://api.apify.com/v2/datasets/ZOFNrRDDtaQrAs5RG/items?offset=0&limit=1000 "HTTP/1.1 200 OK"
INFO:httpx:HTTP Request: POST https://api.apify.com/v2/acts/apify~instagram-hashtag-scraper/runs "HTTP/1.1 201 Created"
INFO:httpx:HTTP Request: GET https://api.apify.com/v2/actor-runs/4DeIbRGnYjHdTxXQ4?waitForFinish=999999 "HTTP/1.1 200 OK"
INFO:httpx:HTTP Request: POST https://api.apify.com/v2/acts/apify~instagram-hashtag-scraper/runs "HTTP/1.1 201 Created"
INFO:httpx:HTTP Request: GET https://api.apify.com/v2/actor-runs/I4eFhphV6Xe6jAsTG?waitForFinish=999999 "HTTP/1.1 200 OK"
INFO:httpx:HTTP Request: GET https://api.apify.com/v2/actor-runs/I4eFhphV6Xe6jAsTG?waitForFinish=999999 "HTTP/1.1 200 OK"
INFO:httpx:HTTP Request: GET https://api.apify.com/v2/datasets/sE89xYfZSuU6uO3gq/items?offset=0&limit=1000 "HTTP/1.1 200 OK"
INFO:httpx:HTTP Request: POST https://api.apify.com/v2/acts/apify~instagram-hashtag-scraper/runs "HTTP/1.1 201 Created"
INFO:httpx:HTTP Request: GET https://api.apify.com/v2/actor-runs/lSxSIHkUrmK7fZRKF?waitForFinish=999999 "HTTP/1.1 200 OK"
INFO:httpx:HTTP Request: GET https://api.apify.com/v2/actor-runs/lSxSIHkUrmK7fZRKF?waitForFinish=999999 "HTTP/1.1 200 OK"
INFO:httpx:HTTP Request: GET https://api.apify.com/v2/datasets/zhfAsur3SIzLakQ3A/items?offset=0&limit=1000 "HTTP/1.1 200 OK"
INFO:httpx:HTTP Request: POST https://api.apify.com/v2/acts/apify~instagram-hashtag-scraper/runs "HTTP/1.1 201 Created"
INFO:httpx:HTTP Request: GET https://api.apify.com/v2/actor-runs/ihe0GGAnnXj5KVizB?waitForFinish=999999 "HTTP/1.1 200 OK"
INFO:httpx:HTTP Request: GET https://api.apify.com/v2/actor-runs/ihe0GGAnnXj5KVizB?waitForFinish=999999 "HTTP/1.1 200 OK"
INFO:httpx:HTTP Request: GET https://api.apify.com/v2/datasets/l3NWQwzDeImNYMxVn/items?offset=0&limit=1000 "HTTP/1.1 200 OK"
INFO:httpx:HTTP Request: POST https://api.apify.com/v2/acts/apify~instagram-hashtag-scraper/runs "HTTP/1.1 201 Created"
INFO:httpx:HTTP Request: GET https://api.apify.com/v2/actor-runs/UIFUbzHtgNlL43e26?waitForFinish=999999 "HTTP/1.1 200 OK"
INFO:httpx:HTTP Request: GET https://api.apify.com/v2/actor-runs/UIFUbzHtgNlL43e26?waitForFinish=999999 "HTTP/1.1 200 OK"
INFO:httpx:HTTP Request: GET https://api.apify.com/v2/datasets/Ze7jla28qO7dQ6wwL/items?offset=0&limit=1000 "HTTP/1.1 200 OK"
INFO:httpx:HTTP Request: POST https://api.apify.com/v2/acts/apify~instagram-hashtag-scraper/runs "HTTP/1.1 201 Created"
INFO:httpx:HTTP Request: GET https://api.apify.com/v2/actor-runs/4cpXWBmwgkbtVyGPO?waitForFinish=999999 "HTTP/1.1 200 OK"
INFO:httpx:HTTP Request: GET https://api.apify.com/v2/actor-runs/4cpXWBmwgkbtVyGPO?waitForFinish=999999 "HTTP/1.1 200 OK"
INFO:httpx:HTTP Request: GET https://api.apify.com/v2/datasets/jykosNbjaI76tO9vR/items?offset=0&limit=1000 "HTTP/1.1 200 OK"
INFO:httpx:HTTP Request: POST https://api.apify.com/v2/acts/apify~instagram-hashtag-scraper/runs "HTTP/1.1 201 Created"
INFO:httpx:HTTP Request: GET https://api.apify.com/v2/actor-runs/j9ljXV5UnTYT87JFR?waitForFinish=999999 "HTTP/1.1 200 OK"
INFO:httpx:HTTP Request: GET https://api.apify.com/v2/actor-runs/j9ljXV5UnTYT87JFR?waitForFinish=999999 "HTTP/1.1 200 OK"
INFO:httpx:HTTP Request: GET https://api.apify.com/v2/datasets/Z10MURfJtp5EjU1Ss/items?offset=0&limit=1000 "HTTP/1.1 200 OK"
INFO:httpx:HTTP Request: POST https://api.apify.com/v2/acts/apify~instagram-hashtag-scraper/runs "HTTP/1.1 201 Created"
INFO:httpx:HTTP Request: GET https://api.apify.com/v2/actor-runs/smyfrC5QOIrhhFSXG?waitForFinish=999999 "HTTP/1.1 200 OK"
INFO:httpx:HTTP Request: GET https://api.apify.com/v2/actor-runs/smyfrC5QOIrhhFSXG?waitForFinish=999999 "HTTP/1.1 200 OK"
INFO:httpx:HTTP Request: GET https://api.apify.com/v2/datasets/mV19Ie6GGQpJht6WZ/items?offset=0&limit=1000 "HTTP/1.1 200 OK"
INFO:httpx:HTTP Request: POST https://api.apify.com/v2/acts/apify~instagram-hashtag-scraper/runs "HTTP/1.1 201 Created"
INFO:httpx:HTTP Request: GET https://api.apify.com/v2/actor-runs/l7G0PcjOwkwEY1quH?waitForFinish=999999 "HTTP/1.1 200 OK"
INFO:httpx:HTTP Request: GET https://api.apify.com/v2/actor-runs/l7G0PcjOwkwEY1quH?waitForFinish=999999 "HTTP/1.1 200 OK"
INFO:httpx:HTTP Request: GET https://api.apify.com/v2/datasets/ibuNNLOpE7X6uWvLY/items?offset=0&limit=1000 "HTTP/1.1 200 OK"
INFO:root:26 rows inserted.
INFO:root:Database summary: 26 rows in total.
