WARNING:root:posted_ids file not found
WARNING:root:posted_ids file not found
ERROR:root:Database error: no such column: LikeCount
WARNING:root:posted_ids file not found
ERROR:root:Database error: no such column: LikeCount
WARNING:root:posted_ids file not found
ERROR:root:Database error: no such column: LikeCount
WARNING:root:Image not found
ERROR:root:Google Drive error: [Errno 2] No such file or directory: 'D:/coding/instagram/scripts/insta-401020-d2b56e3d4162.json'
WARNING:root:posted_ids file not found
ERROR:root:Database error: no such column: LikeCount
WARNING:root:Image not found
ERROR:root:Google Drive error: [Errno 2] No such file or directory: 'D:/coding/instagram/scripts/insta-401020-d2b56e3d4162.json'
ERROR:root:Request error: Expecting value: line 1 column 1 (char 0)
WARNING:root:posted_ids file not found
ERROR:root:Database error: no such column: LikeCount
WARNING:root:Image not found
ERROR:root:Google Drive error: [Errno 2] No such file or directory: 'D:/coding/instagram/scripts/insta-401020-d2b56e3d4162.json'
ERROR:root:Request error: Expecting value: line 1 column 1 (char 0)
WARNING:root:posted_ids file not found
ERROR:root:Database error: no such column: LikeCount
WARNING:root:Image not found
ERROR:root:Google Drive error: [Errno 2] No such file or directory: 'D:/coding/instagram/scripts/insta-401020-d2b56e3d4162.json'
ERROR:root:Request error: Expecting value: line 1 column 1 (char 0)
WARNING:root:posted_ids file not found
ERROR:root:Database error: no such column: LikeCount
WARNING:root:Image not found
ERROR:root:Google Drive error: [Errno 2] No such file or directory: 'D:/coding/instagram/scripts/insta-401020-d2b56e3d4162.json'
ERROR:root:Request error: Expecting value: line 1 column 1 (char 0)
WARNING:root:posted_ids file not found
ERROR:root:Database error: no such column: LikeCount
WARNING:root:Image not found
ERROR:root:Google Drive error: [Errno 2] No such file or directory: 'D:/coding/instagram/scripts/insta-401020-d2b56e3d4162.json'
ERROR:root:Request error: Expecting value: line 1 column 1 (char 0)
INFO:root:{'error': {'message': 'Error validating access token: Session has expired on Wednesday, 11-Oct-23 16:00:00 PDT. The current time is Monday, 16-Oct-23 15:37:21 PDT.', 'type': 'OAuthException', 'code': 190, 'error_subcode': 463, 'fbtrace_id': 'Ah8hIpCs1IzFihCWJ0VwkYG'}}
ERROR:root:Database error: no such column: LikeCount
WARNING:root:Image not found
ERROR:root:Google Drive error: [Errno 2] No such file or directory: 'D:/coding/instagram/scripts/insta-401020-d2b56e3d4162.json'
ERROR:root:Request error: Expecting value: line 1 column 1 (char 0)
INFO:root:{'error': {'message': 'Error validating access token: Session has expired on Wednesday, 11-Oct-23 16:00:00 PDT. The current time is Monday, 16-Oct-23 15:39:46 PDT.', 'type': 'OAuthException', 'code': 190, 'error_subcode': 463, 'fbtrace_id': 'A3ZfeHnN09XSP9HZlqUEZxS'}}
INFO:root:Top post fetched
WARNING:root:Image not found
INFO:googleapiclient.discovery_cache:file_cache is only supported with oauth2client<4.0.0
ERROR:root:Google Drive error: expected str, bytes or os.PathLike object, not NoneType
ERROR:root:Request error: Expecting value: line 1 column 1 (char 0)
INFO:root:{'error': {'message': '(#100) The parameter image_url is required', 'type': 'OAuthException', 'code': 100, 'fbtrace_id': 'AHz5bW45A0zIFRNxOqGYXB8'}}
ERROR:root:ID not found in response: {'error': {'message': '(#100) The parameter image_url is required', 'type': 'OAuthException', 'code': 100, 'fbtrace_id': 'AHz5bW45A0zIFRNxOqGYXB8'}}
